server(started, 1718390941).
/*Fri Jun 14 12:49:00 2024*/ request(1, 1718390940.711, [peer(ip(127,0,0,1)),method(post),request_uri('/compile'),path('/compile'),http_version(1-1),content_type('application/json'),user_agent('PostmanRuntime/7.39.0'),postman_token('f4e4c95c-2647-43b1-b9fb-bdb7ccd3dddf'),host(localhost),port(8000),connection('keep-alive'),content_length(2431)]).
completed(1, 0.0, 2076, 500, error("Illegal HTTP parameter: _21904{feature_index:Age,impurity:0.935,impurity_type:Entropy,left:_20832{feature_index:Gender,impurity:0.69,impurity_type:Entropy,left:_20352{feature_index:SmokerHistory,impurity:0.557,impurity_type:Entropy,left:_20176{feature_index:null,impurity:null,impurity_type:null,samples:null,split_treshold:null,value:[0,1],y_impurity:null},right:_20320{feature_index:null,impurity:null,impurity_type:null,samples:null,split_treshold:null,value:[1,5],y_impurity:null},samples:7,split_treshold:0.5,value:[1,6],y_impurity:0.5916727785823275},right:_20792{feature_index:SmokerHistory,impurity:0.667,impurity_type:Entropy,left:_20616{feature_index:null,impurity:null,impurity_type:null,samples:null,split_treshold:null,value:[1,0],y_impurity:null},right:_20760{feature_index:null,impurity:null,impurity_type:null,samples:null,split_treshold:null,value:[1,1],y_impurity:null},samples:3,split_treshold:0.5,value:[2,1],y_impurity:0.9182958340544896},samples:10,split_treshold:0.5,value:[3,7],y_impurity:0.8812908992306927},right:_21864{feature_index:Gender,impurity:0.959,impurity_type:Entropy,left:_21384{feature_index:SmokerHistory,impurity:0.97,impurity_type:Entropy,left:_21208{feature_index:null,impurity:null,impurity_type:null,samples:null,split_treshold:null,value:[5,3],y_impurity:null},right:_21352{feature_index:null,impurity:null,impurity_type:null,samples:null,split_treshold:null,value:[2,2],y_impurity:null},samples:12,split_treshold:0.5,value:[7,5],y_impurity:0.9798687566511528},right:_21824{feature_index:SmokerHistory,impurity:0.918,impurity_type:Entropy,left:_21648{feature_index:null,impurity:null,impurity_type:null,samples:null,split_treshold:null,value:[2,1],y_impurity:null},right:_21792{feature_index:null,impurity:null,impurity_type:null,samples:null,split_treshold:null,value:[2,1],y_impurity:null},samples:6,split_treshold:0.5,value:[4,2],y_impurity:0.9182958340544896},samples:18,split_treshold:0.5,value:[11,7],y_impurity:0.964078764808229},samples:28,split_treshold:0.5,value:[14,14],y_impurity:1.0}")).
server(stopped, 1718390993).
server(started, 1718390998).
/*Fri Jun 14 12:49:57 2024*/ request(1, 1718390997.940, [peer(ip(127,0,0,1)),method(post),request_uri('/compile'),path('/compile'),http_version(1-1),content_type('application/json'),user_agent('PostmanRuntime/7.39.0'),postman_token('391b4823-5aaf-4f49-be01-d78d6f2a8d9e'),host(localhost),port(8000),connection('keep-alive'),content_length(2431)]).
completed(1, 0.015625, 2076, 500, error("Illegal HTTP parameter: _21904{feature_index:Age,impurity:0.935,impurity_type:Entropy,left:_20832{feature_index:Gender,impurity:0.69,impurity_type:Entropy,left:_20352{feature_index:SmokerHistory,impurity:0.557,impurity_type:Entropy,left:_20176{feature_index:null,impurity:null,impurity_type:null,samples:null,split_treshold:null,value:[0,1],y_impurity:null},right:_20320{feature_index:null,impurity:null,impurity_type:null,samples:null,split_treshold:null,value:[1,5],y_impurity:null},samples:7,split_treshold:0.5,value:[1,6],y_impurity:0.5916727785823275},right:_20792{feature_index:SmokerHistory,impurity:0.667,impurity_type:Entropy,left:_20616{feature_index:null,impurity:null,impurity_type:null,samples:null,split_treshold:null,value:[1,0],y_impurity:null},right:_20760{feature_index:null,impurity:null,impurity_type:null,samples:null,split_treshold:null,value:[1,1],y_impurity:null},samples:3,split_treshold:0.5,value:[2,1],y_impurity:0.9182958340544896},samples:10,split_treshold:0.5,value:[3,7],y_impurity:0.8812908992306927},right:_21864{feature_index:Gender,impurity:0.959,impurity_type:Entropy,left:_21384{feature_index:SmokerHistory,impurity:0.97,impurity_type:Entropy,left:_21208{feature_index:null,impurity:null,impurity_type:null,samples:null,split_treshold:null,value:[5,3],y_impurity:null},right:_21352{feature_index:null,impurity:null,impurity_type:null,samples:null,split_treshold:null,value:[2,2],y_impurity:null},samples:12,split_treshold:0.5,value:[7,5],y_impurity:0.9798687566511528},right:_21824{feature_index:SmokerHistory,impurity:0.918,impurity_type:Entropy,left:_21648{feature_index:null,impurity:null,impurity_type:null,samples:null,split_treshold:null,value:[2,1],y_impurity:null},right:_21792{feature_index:null,impurity:null,impurity_type:null,samples:null,split_treshold:null,value:[2,1],y_impurity:null},samples:6,split_treshold:0.5,value:[4,2],y_impurity:0.9182958340544896},samples:18,split_treshold:0.5,value:[11,7],y_impurity:0.964078764808229},samples:28,split_treshold:0.5,value:[14,14],y_impurity:1.0}")).
server(stopped, 1718391091).
server(started, 1718391095).
/*Fri Jun 14 12:51:35 2024*/ request(1, 1718391095.244, [peer(ip(127,0,0,1)),method(post),request_uri('/compile'),path('/compile'),http_version(1-1),content_type('application/json'),user_agent('PostmanRuntime/7.39.0'),postman_token('9ca75e03-99c6-41b6-8a75-c6936f008b6e'),host(localhost),port(8000),connection('keep-alive'),content_length(2431)]).
completed(1, 0.0, 2076, 500, error("Illegal HTTP parameter: _21948{feature_index:Age,impurity:0.935,impurity_type:Entropy,left:_20876{feature_index:Gender,impurity:0.69,impurity_type:Entropy,left:_20396{feature_index:SmokerHistory,impurity:0.557,impurity_type:Entropy,left:_20220{feature_index:null,impurity:null,impurity_type:null,samples:null,split_treshold:null,value:[0,1],y_impurity:null},right:_20364{feature_index:null,impurity:null,impurity_type:null,samples:null,split_treshold:null,value:[1,5],y_impurity:null},samples:7,split_treshold:0.5,value:[1,6],y_impurity:0.5916727785823275},right:_20836{feature_index:SmokerHistory,impurity:0.667,impurity_type:Entropy,left:_20660{feature_index:null,impurity:null,impurity_type:null,samples:null,split_treshold:null,value:[1,0],y_impurity:null},right:_20804{feature_index:null,impurity:null,impurity_type:null,samples:null,split_treshold:null,value:[1,1],y_impurity:null},samples:3,split_treshold:0.5,value:[2,1],y_impurity:0.9182958340544896},samples:10,split_treshold:0.5,value:[3,7],y_impurity:0.8812908992306927},right:_21908{feature_index:Gender,impurity:0.959,impurity_type:Entropy,left:_21428{feature_index:SmokerHistory,impurity:0.97,impurity_type:Entropy,left:_21252{feature_index:null,impurity:null,impurity_type:null,samples:null,split_treshold:null,value:[5,3],y_impurity:null},right:_21396{feature_index:null,impurity:null,impurity_type:null,samples:null,split_treshold:null,value:[2,2],y_impurity:null},samples:12,split_treshold:0.5,value:[7,5],y_impurity:0.9798687566511528},right:_21868{feature_index:SmokerHistory,impurity:0.918,impurity_type:Entropy,left:_21692{feature_index:null,impurity:null,impurity_type:null,samples:null,split_treshold:null,value:[2,1],y_impurity:null},right:_21836{feature_index:null,impurity:null,impurity_type:null,samples:null,split_treshold:null,value:[2,1],y_impurity:null},samples:6,split_treshold:0.5,value:[4,2],y_impurity:0.9182958340544896},samples:18,split_treshold:0.5,value:[11,7],y_impurity:0.964078764808229},samples:28,split_treshold:0.5,value:[14,14],y_impurity:1.0}")).
/*Fri Jun 14 12:53:19 2024*/ request(2, 1718391199.374, [peer(ip(127,0,0,1)),method(get),request_uri(/),path(/),http_version(1-1),user_agent('PostmanRuntime/7.39.0'),postman_token('80104301-76b7-4acf-9cb2-9b99b0c00430'),host(localhost),port(8000),connection('keep-alive')]).
completed(2, 0.0, 203, 200, ok).
/*Fri Jun 14 12:53:32 2024*/ request(3, 1718391212.050, [peer(ip(127,0,0,1)),method(post),request_uri('/compile'),path('/compile'),http_version(1-1),content_type('application/json'),user_agent('PostmanRuntime/7.39.0'),postman_token('d9f76d0f-5a27-4941-9702-e12879a4b6f9'),host(localhost),port(8000),connection('keep-alive'),content_length(2431)]).
completed(3, 0.0, 2061, 500, error("Illegal HTTP parameter: _9976{feature_index:Age,impurity:0.935,impurity_type:Entropy,left:_8904{feature_index:Gender,impurity:0.69,impurity_type:Entropy,left:_8424{feature_index:SmokerHistory,impurity:0.557,impurity_type:Entropy,left:_8248{feature_index:null,impurity:null,impurity_type:null,samples:null,split_treshold:null,value:[0,1],y_impurity:null},right:_8392{feature_index:null,impurity:null,impurity_type:null,samples:null,split_treshold:null,value:[1,5],y_impurity:null},samples:7,split_treshold:0.5,value:[1,6],y_impurity:0.5916727785823275},right:_8864{feature_index:SmokerHistory,impurity:0.667,impurity_type:Entropy,left:_8688{feature_index:null,impurity:null,impurity_type:null,samples:null,split_treshold:null,value:[1,0],y_impurity:null},right:_8832{feature_index:null,impurity:null,impurity_type:null,samples:null,split_treshold:null,value:[1,1],y_impurity:null},samples:3,split_treshold:0.5,value:[2,1],y_impurity:0.9182958340544896},samples:10,split_treshold:0.5,value:[3,7],y_impurity:0.8812908992306927},right:_9936{feature_index:Gender,impurity:0.959,impurity_type:Entropy,left:_9456{feature_index:SmokerHistory,impurity:0.97,impurity_type:Entropy,left:_9280{feature_index:null,impurity:null,impurity_type:null,samples:null,split_treshold:null,value:[5,3],y_impurity:null},right:_9424{feature_index:null,impurity:null,impurity_type:null,samples:null,split_treshold:null,value:[2,2],y_impurity:null},samples:12,split_treshold:0.5,value:[7,5],y_impurity:0.9798687566511528},right:_9896{feature_index:SmokerHistory,impurity:0.918,impurity_type:Entropy,left:_9720{feature_index:null,impurity:null,impurity_type:null,samples:null,split_treshold:null,value:[2,1],y_impurity:null},right:_9864{feature_index:null,impurity:null,impurity_type:null,samples:null,split_treshold:null,value:[2,1],y_impurity:null},samples:6,split_treshold:0.5,value:[4,2],y_impurity:0.9182958340544896},samples:18,split_treshold:0.5,value:[11,7],y_impurity:0.964078764808229},samples:28,split_treshold:0.5,value:[14,14],y_impurity:1.0}")).
/*Fri Jun 14 12:53:53 2024*/ request(4, 1718391233.418, [peer(ip(127,0,0,1)),method(post),request_uri('/compile'),path('/compile'),http_version(1-1),content_type('application/json'),user_agent('PostmanRuntime/7.39.0'),postman_token('8b267758-4ead-40a4-a888-26eaca59bbc6'),host(localhost),port(8000),connection('keep-alive'),content_length(3417)]).
completed(4, 0.0, 2061, 500, error("Illegal HTTP parameter: _9648{feature_index:Age,impurity:0.935,impurity_type:Entropy,left:_8576{feature_index:Gender,impurity:0.69,impurity_type:Entropy,left:_8096{feature_index:SmokerHistory,impurity:0.557,impurity_type:Entropy,left:_7920{feature_index:null,impurity:null,impurity_type:null,samples:null,split_treshold:null,value:[0,1],y_impurity:null},right:_8064{feature_index:null,impurity:null,impurity_type:null,samples:null,split_treshold:null,value:[1,5],y_impurity:null},samples:7,split_treshold:0.5,value:[1,6],y_impurity:0.5916727785823275},right:_8536{feature_index:SmokerHistory,impurity:0.667,impurity_type:Entropy,left:_8360{feature_index:null,impurity:null,impurity_type:null,samples:null,split_treshold:null,value:[1,0],y_impurity:null},right:_8504{feature_index:null,impurity:null,impurity_type:null,samples:null,split_treshold:null,value:[1,1],y_impurity:null},samples:3,split_treshold:0.5,value:[2,1],y_impurity:0.9182958340544896},samples:10,split_treshold:0.5,value:[3,7],y_impurity:0.8812908992306927},right:_9608{feature_index:Gender,impurity:0.959,impurity_type:Entropy,left:_9128{feature_index:SmokerHistory,impurity:0.97,impurity_type:Entropy,left:_8952{feature_index:null,impurity:null,impurity_type:null,samples:null,split_treshold:null,value:[5,3],y_impurity:null},right:_9096{feature_index:null,impurity:null,impurity_type:null,samples:null,split_treshold:null,value:[2,2],y_impurity:null},samples:12,split_treshold:0.5,value:[7,5],y_impurity:0.9798687566511528},right:_9568{feature_index:SmokerHistory,impurity:0.918,impurity_type:Entropy,left:_9392{feature_index:null,impurity:null,impurity_type:null,samples:null,split_treshold:null,value:[2,1],y_impurity:null},right:_9536{feature_index:null,impurity:null,impurity_type:null,samples:null,split_treshold:null,value:[2,1],y_impurity:null},samples:6,split_treshold:0.5,value:[4,2],y_impurity:0.9182958340544896},samples:18,split_treshold:0.5,value:[11,7],y_impurity:0.964078764808229},samples:28,split_treshold:0.5,value:[14,14],y_impurity:1.0}")).
/*Fri Jun 14 13:04:07 2024*/ request(5, 1718391847.416, [peer(ip(127,0,0,1)),method(post),request_uri('/compile'),path('/compile'),http_version(1-1),host(localhost),port(8000),user_agent('python-requests/2.31.0'),connection('keep-alive'),content_type('application/json'),content_length(2431)]).
completed(5, 0.0, 2061, 500, error("Illegal HTTP parameter: _9082{feature_index:Age,impurity:0.935,impurity_type:Entropy,left:_8010{feature_index:Gender,impurity:0.69,impurity_type:Entropy,left:_7530{feature_index:SmokerHistory,impurity:0.557,impurity_type:Entropy,left:_7354{feature_index:null,impurity:null,impurity_type:null,samples:null,split_treshold:null,value:[0,1],y_impurity:null},right:_7498{feature_index:null,impurity:null,impurity_type:null,samples:null,split_treshold:null,value:[1,5],y_impurity:null},samples:7,split_treshold:0.5,value:[1,6],y_impurity:0.5916727785823275},right:_7970{feature_index:SmokerHistory,impurity:0.667,impurity_type:Entropy,left:_7794{feature_index:null,impurity:null,impurity_type:null,samples:null,split_treshold:null,value:[1,0],y_impurity:null},right:_7938{feature_index:null,impurity:null,impurity_type:null,samples:null,split_treshold:null,value:[1,1],y_impurity:null},samples:3,split_treshold:0.5,value:[2,1],y_impurity:0.9182958340544896},samples:10,split_treshold:0.5,value:[3,7],y_impurity:0.8812908992306927},right:_9042{feature_index:Gender,impurity:0.959,impurity_type:Entropy,left:_8562{feature_index:SmokerHistory,impurity:0.97,impurity_type:Entropy,left:_8386{feature_index:null,impurity:null,impurity_type:null,samples:null,split_treshold:null,value:[5,3],y_impurity:null},right:_8530{feature_index:null,impurity:null,impurity_type:null,samples:null,split_treshold:null,value:[2,2],y_impurity:null},samples:12,split_treshold:0.5,value:[7,5],y_impurity:0.9798687566511528},right:_9002{feature_index:SmokerHistory,impurity:0.918,impurity_type:Entropy,left:_8826{feature_index:null,impurity:null,impurity_type:null,samples:null,split_treshold:null,value:[2,1],y_impurity:null},right:_8970{feature_index:null,impurity:null,impurity_type:null,samples:null,split_treshold:null,value:[2,1],y_impurity:null},samples:6,split_treshold:0.5,value:[4,2],y_impurity:0.9182958340544896},samples:18,split_treshold:0.5,value:[11,7],y_impurity:0.964078764808229},samples:28,split_treshold:0.5,value:[14,14],y_impurity:1.0}")).
server(started, 1718407558).
/*Fri Jun 14 17:25:57 2024*/ request(1, 1718407557.798, [peer(ip(127,0,0,1)),method(post),request_uri('/compile'),path('/compile'),http_version(1-1),content_type('application/json'),user_agent('PostmanRuntime/7.39.0'),postman_token('0cb6f2a7-302e-485a-a54f-e744e83c40ee'),host(localhost),port(8000),connection('keep-alive'),content_length(3417)]).
completed(1, 0.0, 557, 500, error("Illegal HTTP parameter: [protocol(http),peer(ip(127,0,0,1)),pool(client(httpd@8000,user:http_dispatch,<stream>(000001acf4bd9b60),<stream>(000001acf4bd6420))),input(<stream>(000001acf4bd9b60)),method(post),request_uri(/compile),path(/compile),http_version(1-1),content_type(application/json),user_agent(PostmanRuntime/7.39.0),accept([media(_1548/_1550,[],1.0,[])]),postman_token(0cb6f2a7-302e-485a-a54f-e744e83c40ee),host(localhost),port(8000),accept_encoding(gzip, deflate, br),connection(keep-alive),content_length(3417)]")).
server(stopped, 1718407617).
server(started, 1718407626).
/*Fri Jun 14 17:27:05 2024*/ request(1, 1718407625.733, [peer(ip(127,0,0,1)),method(post),request_uri('/compile'),path('/compile'),http_version(1-1),content_type('application/json'),user_agent('PostmanRuntime/7.39.0'),postman_token('827c3c7f-0302-45a4-ac20-0fc9ba0a4b5f'),host(localhost),port(8000),connection('keep-alive'),content_length(3417)]).
completed(1, 0.0, 557, 500, error("Illegal HTTP parameter: [protocol(http),peer(ip(127,0,0,1)),pool(client(httpd@8000,user:http_dispatch,<stream>(0000016e3b067db0),<stream>(0000016e3b067ca0))),input(<stream>(0000016e3b067db0)),method(post),request_uri(/compile),path(/compile),http_version(1-1),content_type(application/json),user_agent(PostmanRuntime/7.39.0),accept([media(_1548/_1550,[],1.0,[])]),postman_token(827c3c7f-0302-45a4-ac20-0fc9ba0a4b5f),host(localhost),port(8000),accept_encoding(gzip, deflate, br),connection(keep-alive),content_length(3417)]")).
server(stopped, 1718407750).
server(started, 1718407756).
/*Fri Jun 14 17:29:16 2024*/ request(1, 1718407756.051, [peer(ip(127,0,0,1)),method(post),request_uri('/compile'),path('/compile'),http_version(1-1),content_type('application/json'),user_agent('PostmanRuntime/7.39.0'),postman_token('6d9eef7e-f1e3-401c-96b3-670aec7c191d'),host(localhost),port(8000),connection('keep-alive'),content_length(3417)]).
completed(1, 0.015625, 127, 500, error("format/2: I/O error in write on stream <stream>(0000023266bb44b0) (CGI stream was discarded)")).
/*Fri Jun 14 17:30:05 2024*/ request(2, 1718407805.753, [peer(ip(127,0,0,1)),method(post),request_uri('/compile'),path('/compile'),http_version(1-1),content_type('application/json'),user_agent('PostmanRuntime/7.39.0'),postman_token('c78daa25-a492-484b-9fb8-36a6085d422d'),host(localhost),port(8000),connection('keep-alive'),content_length(83)]).
completed(2, 0.0, 127, 500, error("format/2: I/O error in write on stream <stream>(0000023266bb3c30) (CGI stream was discarded)")).
server(stopped, 1718407861).
server(started, 1718407867).
/*Fri Jun 14 17:31:06 2024*/ request(1, 1718407866.894, [peer(ip(127,0,0,1)),method(post),request_uri('/compile'),path('/compile'),http_version(1-1),content_type('application/json'),user_agent('PostmanRuntime/7.39.0'),postman_token('2ac1e850-422a-4406-92f7-8b11cd3bb424'),host(localhost),port(8000),connection('keep-alive'),content_length(83)]).
completed(1, 0.03125, 127, 500, error("format/2: I/O error in write on stream <stream>(0000014a1a484bc0) (CGI stream was discarded)")).
server(stopped, 1718410703).
server(started, 1718410707).
/*Fri Jun 14 18:18:27 2024*/ request(1, 1718410707.421, [peer(ip(127,0,0,1)),method(post),request_uri('/compile'),path('/compile'),http_version(1-1),content_type('text/plain'),user_agent('PostmanRuntime/7.39.0'),postman_token('adb9fd95-5458-41f8-980b-2630ab75c8e0'),host(localhost),port(8000),connection('keep-alive'),content_length(83)]).
completed(1, 0.015625, 83, 200, ok).
completed(0, 0.0, 369, 400, error("Illegal HTTP parameter:   \"feature_index\": \"Age\", (in_http_request)")).
/*Fri Jun 14 18:20:49 2024*/ request(2, 1718410849.530, [peer(ip(127,0,0,1)),method(post),request_uri('/compile'),path('/compile'),http_version(1-1),content_type('application/json'),user_agent('PostmanRuntime/7.39.0'),postman_token('0b9bc105-2cd0-49aa-a8f7-20b36f2c7b07'),host(localhost),port(8000),connection('keep-alive'),content_length(56)]).
completed(2, 0.0, 127, 500, error("format/2: I/O error in write on stream <stream>(00000256fe845500) (CGI stream was discarded)")).
/*Fri Jun 14 18:20:59 2024*/ request(3, 1718410859.253, [peer(ip(127,0,0,1)),method(post),request_uri('/compile'),path('/compile'),http_version(1-1),content_type('application/json'),user_agent('PostmanRuntime/7.39.0'),postman_token('32320507-b98b-4d4c-92b4-e236f7f1b7a4'),host(localhost),port(8000),connection('keep-alive'),content_length(83)]).
completed(3, 0.0, 127, 500, error("format/2: I/O error in write on stream <stream>(00000256fe841ed0) (CGI stream was discarded)")).
/*Fri Jun 14 18:21:04 2024*/ request(4, 1718410864.035, [peer(ip(127,0,0,1)),method(post),request_uri('/compile'),path('/compile'),http_version(1-1),content_type('application/json'),user_agent('PostmanRuntime/7.39.0'),postman_token('1f0940c0-6e49-4082-8ed2-6ba5bff9a997'),host(localhost),port(8000),connection('keep-alive'),content_length(83)]).
completed(4, 0.0, 127, 500, error("format/2: I/O error in write on stream <stream>(00000256fe842970) (CGI stream was discarded)")).
server(stopped, 1718410881).
server(started, 1718410887).
/*Fri Jun 14 18:21:26 2024*/ request(1, 1718410886.560, [peer(ip(127,0,0,1)),method(post),request_uri('/compile'),path('/compile'),http_version(1-1),content_type('application/json'),user_agent('PostmanRuntime/7.39.0'),postman_token('24f91e57-7ef2-4b02-b2d8-005da795d786'),host(localhost),port(8000),connection('keep-alive'),content_length(83)]).
completed(1, 0.0, 68, 200, ok).
/*Fri Jun 14 18:22:18 2024*/ request(2, 1718410938.117, [peer(ip(127,0,0,1)),method(post),request_uri('/compile'),path('/compile'),http_version(1-1),content_type('application/json'),user_agent('PostmanRuntime/7.39.0'),postman_token('c2ca3b54-da54-4392-9d8b-4c24339888c2'),host(localhost),port(8000),connection('keep-alive'),content_length(3417)]).
completed(2, 0.0, 2816, 200, ok).
server(stopped, 1718410971).
server(started, 1718423661).
/*Fri Jun 14 21:54:20 2024*/ request(1, 1718423660.581, [peer(ip(127,0,0,1)),method(post),request_uri('/compile'),path('/compile'),http_version(1-1),content_type('application/json'),user_agent('PostmanRuntime/7.39.0'),postman_token('60c6ff29-e995-4548-bde8-b932489811ca'),host(localhost),port(8000),connection('keep-alive'),content_length(3417)]).
completed(1, 0.0, 20, 200, ok).
/*Fri Jun 14 21:59:24 2024*/ request(2, 1718423964.448, [peer(ip(127,0,0,1)),method(post),request_uri('/predict'),path('/predict'),http_version(1-1),content_type('application/json'),user_agent('PostmanRuntime/7.39.0'),postman_token('f257b4fc-8053-4c74-8bb3-a2ae11dc4912'),host(localhost),port(8000),connection('keep-alive'),content_length(44)]).
completed(2, 0.0, 102, 200, ok).
/*Fri Jun 14 22:02:24 2024*/ request(3, 1718424144.937, [peer(ip(127,0,0,1)),method(post),request_uri('/compile'),path('/compile'),http_version(1-1),content_type('application/json'),user_agent('PostmanRuntime/7.39.0'),postman_token('8e2d378c-057f-4c9d-98e5-5edcbec06d63'),host(localhost),port(8000),connection('keep-alive'),content_length(3417)]).
completed(3, 0.0, 20, 200, ok).
server(stopped, 1718424271).
server(started, 1718424298).
/*Fri Jun 14 22:04:57 2024*/ request(1, 1718424297.769, [peer(ip(127,0,0,1)),method(post),request_uri('/compile'),path('/compile'),http_version(1-1),content_type('application/json'),user_agent('PostmanRuntime/7.39.0'),postman_token('a094c1fa-287f-4cd4-a652-f2f549e08749'),host(localhost),port(8000),connection('keep-alive'),content_length(3417)]).
completed(1, 0.015625, 20, 200, ok).
/*Fri Jun 14 22:05:12 2024*/ request(2, 1718424312.550, [peer(ip(127,0,0,1)),method(post),request_uri('/compile'),path('/compile'),http_version(1-1),content_type('application/json'),user_agent('PostmanRuntime/7.39.0'),postman_token('cec62f37-292d-407d-9bce-47f8f034829b'),host(localhost),port(8000),connection('keep-alive'),content_length(3417)]).
completed(2, 0.0, 20, 200, ok).
/*Fri Jun 14 22:11:31 2024*/ request(3, 1718424691.246, [peer(ip(127,0,0,1)),method(post),request_uri('/compile'),path('/compile'),http_version(1-1),content_type('application/json'),user_agent('PostmanRuntime/7.39.0'),postman_token('1abb7d2e-539e-402f-a7c3-833ad22c07a7'),host(localhost),port(8000),connection('keep-alive'),content_length(1093)]).
completed(3, 0.0, 20, 200, ok).
/*Fri Jun 14 22:19:17 2024*/ request(4, 1718425157.780, [peer(ip(127,0,0,1)),method(post),request_uri('/predict'),path('/predict'),http_version(1-1),content_type('application/json'),user_agent('PostmanRuntime/7.39.0'),postman_token('eaddaa6f-f525-493d-bcd5-4177b014896f'),host(localhost),port(8000),connection('keep-alive'),content_length(35)]).
completed(4, 0.0, 105, 200, ok).
/*Fri Jun 14 22:22:08 2024*/ request(5, 1718425328.838, [peer(ip(127,0,0,1)),method(post),request_uri('/compile'),path('/compile'),http_version(1-1),content_type('application/json'),user_agent('PostmanRuntime/7.39.0'),postman_token('8dd66c51-bca9-48b8-b0a5-e7d9e5424cc8'),host(localhost),port(8000),connection('keep-alive'),content_length(3417)]).
completed(5, 0.0, 20, 200, ok).
server(stopped, 1718425494).
server(started, 1718425585).
/*Fri Jun 14 22:26:25 2024*/ request(1, 1718425585.367, [peer(ip(127,0,0,1)),method(post),request_uri('/compile'),path('/compile'),http_version(1-1),content_type('application/json'),user_agent('PostmanRuntime/7.39.0'),postman_token('f4cff712-f8cb-4c1d-838b-aae71eed8f95'),host(localhost),port(8000),connection('keep-alive'),content_length(3417)]).
completed(1, 0.015625, 20, 200, ok).
server(stopped, 1718427004).
server(started, 1718427076).
/*Fri Jun 14 22:51:16 2024*/ request(1, 1718427076.239, [peer(ip(127,0,0,1)),method(post),request_uri('/compile'),path('/compile'),http_version(1-1),content_type('application/json'),user_agent('PostmanRuntime/7.39.0'),postman_token('3d525cab-b6b1-4f13-9565-3af5e77df13c'),host(localhost),port(8000),connection('keep-alive'),content_length(3417)]).
completed(1, 0.0, 20, 200, ok).
server(started, 1718463872).
/*Sat Jun 15 09:04:31 2024*/ request(1, 1718463871.910, [peer(ip(127,0,0,1)),method(post),request_uri('/compile'),path('/compile'),http_version(1-1),content_type('application/json'),user_agent('PostmanRuntime/7.39.0'),postman_token('8a03cfeb-a4a0-4eec-a60d-577e0b61c3a5'),host(localhost),port(8000),connection('keep-alive'),content_length(3417)]).
completed(1, 0.03125, 20, 200, ok).
server(stopped, 1718465073).
server(started, 1718465100).
/*Sat Jun 15 09:24:59 2024*/ request(1, 1718465099.896, [peer(ip(127,0,0,1)),method(post),request_uri('/compile'),path('/compile'),http_version(1-1),content_type('application/json'),user_agent('PostmanRuntime/7.39.0'),postman_token('362b2de6-7bed-4b90-8c02-34f63b98e0e5'),host(localhost),port(8000),connection('keep-alive'),content_length(1136)]).
completed(1, 0.015625, 20, 200, ok).
/*Sat Jun 15 09:47:06 2024*/ request(2, 1718466426.669, [peer(ip(127,0,0,1)),method(post),request_uri('/compile'),path('/compile'),http_version(1-1),content_type('application/json'),user_agent('PostmanRuntime/7.39.0'),postman_token('37c8c04a-cad5-4b81-9446-654b0988a3f0'),host(localhost),port(8000),connection('keep-alive'),content_length(1171)]).
completed(2, 0.0, 20, 200, ok).
server(stopped, 1718466454).
server(started, 1718466513).
/*Sat Jun 15 09:48:32 2024*/ request(1, 1718466512.573, [peer(ip(127,0,0,1)),method(post),request_uri('/compile'),path('/compile'),http_version(1-1),content_type('application/json'),user_agent('PostmanRuntime/7.39.0'),postman_token('50766e5c-02a2-4bce-898a-b9cab54e2d7e'),host(localhost),port(8000),connection('keep-alive'),content_length(1171)]).
completed(1, 0.015625, 20, 200, ok).
server(stopped, 1718471213).
server(started, 1718471495).
/*Sat Jun 15 11:11:35 2024*/ request(1, 1718471495.496, [peer(ip(127,0,0,1)),method(post),request_uri('/compile'),path('/compile'),http_version(1-1),content_type('application/json'),user_agent('PostmanRuntime/7.39.0'),postman_token('892ed44e-d156-404c-ad34-56a1cda61c59'),host(localhost),port(8000),connection('keep-alive'),content_length(1171)]).
completed(1, 0.015625, 20, 200, ok).
server(stopped, 1718472756).
server(started, 1718472760).
/*Sat Jun 15 11:32:40 2024*/ request(1, 1718472760.327, [peer(ip(127,0,0,1)),method(post),request_uri('/compile'),path('/compile'),http_version(1-1),content_type('application/json'),user_agent('PostmanRuntime/7.39.0'),postman_token('61e87037-fe3c-4482-9285-95e0137d1176'),host(localhost),port(8000),connection('keep-alive'),content_length(1171)]).
completed(1, 0.015625, 20, 200, ok).
server(stopped, 1718473541).
server(started, 1718473544).
/*Sat Jun 15 11:45:44 2024*/ request(1, 1718473544.374, [peer(ip(127,0,0,1)),method(post),request_uri('/compile'),path('/compile'),http_version(1-1),content_type('application/json'),user_agent('PostmanRuntime/7.39.0'),postman_token('5d4756d2-675b-4b1b-9857-379137a6e990'),host(localhost),port(8000),connection('keep-alive'),content_length(1171)]).
completed(1, 0.0, 20, 200, ok).
server(stopped, 1718473631).
server(started, 1718474776).
/*Sat Jun 15 12:06:15 2024*/ request(1, 1718474775.951, [peer(ip(127,0,0,1)),method(post),request_uri('/compile'),path('/compile'),http_version(1-1),content_type('application/json'),user_agent('PostmanRuntime/7.39.0'),postman_token('00cd0366-7145-4f2e-9042-fd9f4e7d8daa'),host(localhost),port(8000),connection('keep-alive'),content_length(1171)]).
completed(1, 0.0, 20, 200, ok).
server(stopped, 1718475073).
server(started, 1718475078).
/*Sat Jun 15 12:11:18 2024*/ request(1, 1718475078.484, [peer(ip(127,0,0,1)),method(post),request_uri('/compile'),path('/compile'),http_version(1-1),content_type('application/json'),user_agent('PostmanRuntime/7.39.0'),postman_token('0f533798-656a-4a43-83b4-77a73ce639f5'),host(localhost),port(8000),connection('keep-alive'),content_length(1171)]).
completed(1, 0.015625, 20, 200, ok).
server(stopped, 1718475464).
server(started, 1718475468).
/*Sat Jun 15 12:17:47 2024*/ request(1, 1718475467.699, [peer(ip(127,0,0,1)),method(post),request_uri('/compile'),path('/compile'),http_version(1-1),content_type('application/json'),user_agent('PostmanRuntime/7.39.0'),postman_token('4249d675-f316-4a68-bda8-71492e625b10'),host(localhost),port(8000),connection('keep-alive'),content_length(1171)]).
completed(1, 0.03125, 20, 200, ok).
server(stopped, 1718475502).
server(started, 1718475865).
/*Sat Jun 15 12:24:25 2024*/ request(1, 1718475865.153, [peer(ip(127,0,0,1)),method(post),request_uri('/compile'),path('/compile'),http_version(1-1),content_type('application/json'),user_agent('PostmanRuntime/7.39.0'),postman_token('072a2835-e8f4-4862-8656-b7cec64465e3'),host(localhost),port(8000),connection('keep-alive'),content_length(1171)]).
completed(1, 0.0, 20, 200, ok).
server(stopped, 1718476009).
server(started, 1718476013).
/*Sat Jun 15 12:26:53 2024*/ request(1, 1718476013.149, [peer(ip(127,0,0,1)),method(post),request_uri('/compile'),path('/compile'),http_version(1-1),content_type('application/json'),user_agent('PostmanRuntime/7.39.0'),postman_token('8b3b9e6d-7892-48b3-8eb3-52c8ccdc7704'),host(localhost),port(8000),connection('keep-alive'),content_length(1171)]).
completed(1, 0.0, 20, 200, ok).
server(stopped, 1718476258).
server(started, 1718476261).
/*Sat Jun 15 12:31:01 2024*/ request(1, 1718476261.043, [peer(ip(127,0,0,1)),method(post),request_uri('/compile'),path('/compile'),http_version(1-1),content_type('application/json'),user_agent('PostmanRuntime/7.39.0'),postman_token('b5903706-be21-4433-93b7-d4edf20cbc8f'),host(localhost),port(8000),connection('keep-alive'),content_length(1171)]).
completed(1, 0.0, 20, 200, ok).
/*Sat Jun 15 12:44:21 2024*/ request(2, 1718477061.309, [peer(ip(127,0,0,1)),method(post),request_uri('/compile'),path('/compile'),http_version(1-1),content_type('application/json'),user_agent('PostmanRuntime/7.39.0'),postman_token('8d029752-5578-480c-919e-7ff30323d03d'),host(localhost),port(8000),connection('keep-alive'),content_length(2516)]).
completed(2, 0.0, 20, 200, ok).
server(stopped, 1718477266).
server(started, 1718477270).
/*Sat Jun 15 12:47:49 2024*/ request(1, 1718477269.767, [peer(ip(127,0,0,1)),method(post),request_uri('/compile'),path('/compile'),http_version(1-1),content_type('application/json'),user_agent('PostmanRuntime/7.39.0'),postman_token('a8ed166e-a6c6-42b1-93d3-0c2c1b87ea9a'),host(localhost),port(8000),connection('keep-alive'),content_length(2516)]).
completed(1, 0.0, 20, 200, ok).
server(started, 1718504579).
/*Sat Jun 15 20:22:59 2024*/ request(1, 1718504579.235, [peer(ip(127,0,0,1)),method(post),request_uri('/compile'),path('/compile'),http_version(1-1),host(localhost),port(8000),user_agent('python-requests/2.31.0'),connection('keep-alive'),content_type('application/json'),content_length(1171)]).
completed(1, 0.0, 20, 200, ok).
/*Sat Jun 15 20:23:01 2024*/ request(2, 1718504581.269, [peer(ip(127,0,0,1)),method(post),request_uri('/predict'),path('/predict'),http_version(1-1),host(localhost),port(8000),user_agent('python-requests/2.31.0'),connection('keep-alive'),content_type('application/json'),content_length(56)]).
completed(2, 0.0, 127, 500, error("format/2: I/O error in write on stream <stream>(00000247ebd8c100) (CGI stream was discarded)")).
/*Sat Jun 15 20:24:16 2024*/ request(3, 1718504656.567, [peer(ip(127,0,0,1)),method(post),request_uri('/compile'),path('/compile'),http_version(1-1),host(localhost),port(8000),user_agent('python-requests/2.31.0'),connection('keep-alive'),content_type('application/json'),content_length(1171)]).
completed(3, 0.0, 20, 200, ok).
/*Sat Jun 15 20:24:18 2024*/ request(4, 1718504658.591, [peer(ip(127,0,0,1)),method(post),request_uri('/predict'),path('/predict'),http_version(1-1),host(localhost),port(8000),user_agent('python-requests/2.31.0'),connection('keep-alive'),content_type('application/json'),content_length(56)]).
completed(4, 0.0, 127, 500, error("format/2: I/O error in write on stream <stream>(00000247ebd8c430) (CGI stream was discarded)")).
/*Sat Jun 15 20:31:35 2024*/ request(5, 1718505095.562, [peer(ip(127,0,0,1)),method(post),request_uri('/predict'),path('/predict'),http_version(1-1),content_type('application/json'),user_agent('PostmanRuntime/7.39.0'),postman_token('05bbc246-addf-41c3-adaf-50cf1f303a19'),host(localhost),port(8000),connection('keep-alive'),content_length(79)]).
completed(5, 0.0, 127, 500, error("format/2: I/O error in write on stream <stream>(00000247ebd8bbb0) (CGI stream was discarded)")).
server(stopped, 1718505171).
server(started, 1718505181).
/*Sat Jun 15 20:33:01 2024*/ request(1, 1718505181.126, [peer(ip(127,0,0,1)),method(post),request_uri('/compile'),path('/compile'),http_version(1-1),content_type('application/json'),user_agent('PostmanRuntime/7.39.0'),postman_token('4b4021a6-3b31-4d72-966b-4cbf382a1f4a'),host(localhost),port(8000),connection('keep-alive'),content_length(2516)]).
completed(1, 0.015625, 20, 200, ok).
/*Sat Jun 15 20:33:08 2024*/ request(2, 1718505188.543, [peer(ip(127,0,0,1)),method(post),request_uri('/predict'),path('/predict'),http_version(1-1),content_type('application/json'),user_agent('PostmanRuntime/7.39.0'),postman_token('85bc5bfe-d987-49f9-a9ba-c55ed399f891'),host(localhost),port(8000),connection('keep-alive'),content_length(79)]).
completed(2, 0.0, 602, 500, error("goal unexpectedly failed: user:handle_request_predict([protocol(http),peer(ip(127,0,0,1)),pool(client('httpd@8000',user:http_dispatch,<stream>(0000020d0ca29120),<stream>(0000020d0ca29450))),input(<stream>(0000020d0ca29120)),method(post),request_uri('/predict'),path('/predict'),http_version(1-1),content_type('application/json'),user_agent('PostmanRuntime/7.39.0'),accept([media(_4872/_4874,[],1.0,[])]),postman_token('85bc5bfe-d987-49f9-a9ba-c55ed399f891'),host(localhost),port(8000),accept_encoding('gzip, deflate, br'),connection('keep-alive'),content_length(79)])")).
server(stopped, 1718505367).
server(started, 1718505376).
/*Sat Jun 15 20:36:16 2024*/ request(1, 1718505376.222, [peer(ip(127,0,0,1)),method(post),request_uri('/compile'),path('/compile'),http_version(1-1),content_type('application/json'),user_agent('PostmanRuntime/7.39.0'),postman_token('1fe38adf-4176-427a-876c-ca59910bfcce'),host(localhost),port(8000),connection('keep-alive'),content_length(2516)]).
completed(1, 0.015625, 20, 200, ok).
/*Sat Jun 15 20:36:23 2024*/ request(2, 1718505383.599, [peer(ip(127,0,0,1)),method(post),request_uri('/predict'),path('/predict'),http_version(1-1),content_type('application/json'),user_agent('PostmanRuntime/7.39.0'),postman_token('0272433a-19b9-40f6-801b-b9c11ecc8470'),host(localhost),port(8000),connection('keep-alive'),content_length(79)]).
completed(2, 0.0, 602, 500, error("goal unexpectedly failed: user:handle_request_predict([protocol(http),peer(ip(127,0,0,1)),pool(client('httpd@8000',user:http_dispatch,<stream>(000002221051abf0),<stream>(000002221051c680))),input(<stream>(000002221051abf0)),method(post),request_uri('/predict'),path('/predict'),http_version(1-1),content_type('application/json'),user_agent('PostmanRuntime/7.39.0'),accept([media(_4574/_4576,[],1.0,[])]),postman_token('0272433a-19b9-40f6-801b-b9c11ecc8470'),host(localhost),port(8000),accept_encoding('gzip, deflate, br'),connection('keep-alive'),content_length(79)])")).
/*Sat Jun 15 20:38:43 2024*/ request(3, 1718505523.651, [peer(ip(127,0,0,1)),method(post),request_uri('/predict'),path('/predict'),http_version(1-1),content_type('application/json'),user_agent('PostmanRuntime/7.39.0'),postman_token('c840a4a5-6c5e-42ec-aa0c-9821062d6d32'),host(localhost),port(8000),connection('keep-alive'),content_length(79)]).
completed(3, 0.0, 602, 500, error("goal unexpectedly failed: user:handle_request_predict([protocol(http),peer(ip(127,0,0,1)),pool(client('httpd@8000',user:http_dispatch,<stream>(000002221051b250),<stream>(000002221051a260))),input(<stream>(000002221051b250)),method(post),request_uri('/predict'),path('/predict'),http_version(1-1),content_type('application/json'),user_agent('PostmanRuntime/7.39.0'),accept([media(_4990/_4992,[],1.0,[])]),postman_token('c840a4a5-6c5e-42ec-aa0c-9821062d6d32'),host(localhost),port(8000),accept_encoding('gzip, deflate, br'),connection('keep-alive'),content_length(79)])")).
server(stopped, 1718505676).
server(started, 1718505683).
/*Sat Jun 15 20:41:22 2024*/ request(1, 1718505682.688, [peer(ip(127,0,0,1)),method(post),request_uri('/predict'),path('/predict'),http_version(1-1),content_type('application/json'),user_agent('PostmanRuntime/7.39.0'),postman_token('a915bcd9-4b8b-4cad-8da3-6e1d9c80625f'),host(localhost),port(8000),connection('keep-alive'),content_length(79)]).
completed(1, 0.015625, 63, 200, ok).
server(stopped, 1718505729).
server(started, 1718505740).
/*Sat Jun 15 20:42:20 2024*/ request(1, 1718505740.136, [peer(ip(127,0,0,1)),method(post),request_uri('/predict'),path('/predict'),http_version(1-1),content_type('application/json'),user_agent('PostmanRuntime/7.39.0'),postman_token('98172d31-28bd-465f-b733-5bf89cacaa12'),host(localhost),port(8000),connection('keep-alive'),content_length(79)]).
completed(1, 0.0, 63, 200, ok).
server(stopped, 1718505828).
server(started, 1718505837).
/*Sat Jun 15 20:43:56 2024*/ request(1, 1718505836.726, [peer(ip(127,0,0,1)),method(post),request_uri('/compile'),path('/compile'),http_version(1-1),content_type('application/json'),user_agent('PostmanRuntime/7.39.0'),postman_token('44d2ee2b-95b0-46f8-981a-50e86ebc8d76'),host(localhost),port(8000),connection('keep-alive'),content_length(2516)]).
completed(1, 0.015625, 20, 200, ok).
server(stopped, 1718506115).
server(started, 1718506367).
/*Sat Jun 15 20:52:46 2024*/ request(1, 1718506366.836, [peer(ip(127,0,0,1)),method(post),request_uri('/compile'),path('/compile'),http_version(1-1),content_type('application/json'),user_agent('PostmanRuntime/7.39.0'),postman_token('19b48338-e7cb-4a36-ab04-7cfc59a90794'),host(localhost),port(8000),connection('keep-alive'),content_length(2516)]).
completed(1, 0.03125, 20, 200, ok).
/*Sat Jun 15 20:52:54 2024*/ request(2, 1718506374.259, [peer(ip(127,0,0,1)),method(post),request_uri('/predict'),path('/predict'),http_version(1-1),content_type('application/json'),user_agent('PostmanRuntime/7.39.0'),postman_token('540bb343-2796-415b-8b97-0b7858c3e7b4'),host(localhost),port(8000),connection('keep-alive'),content_length(79)]).
completed(2, 0.0, 602, 500, error("goal unexpectedly failed: user:handle_request_predict([protocol(http),peer(ip(127,0,0,1)),pool(client('httpd@8000',user:http_dispatch,<stream>(000002494d19fcc0),<stream>(000002494d19f550))),input(<stream>(000002494d19fcc0)),method(post),request_uri('/predict'),path('/predict'),http_version(1-1),content_type('application/json'),user_agent('PostmanRuntime/7.39.0'),accept([media(_4918/_4920,[],1.0,[])]),postman_token('540bb343-2796-415b-8b97-0b7858c3e7b4'),host(localhost),port(8000),accept_encoding('gzip, deflate, br'),connection('keep-alive'),content_length(79)])")).
server(stopped, 1718506426).
server(started, 1718506439).
/*Sat Jun 15 20:53:58 2024*/ request(1, 1718506438.876, [peer(ip(127,0,0,1)),method(post),request_uri('/compile'),path('/compile'),http_version(1-1),content_type('application/json'),user_agent('PostmanRuntime/7.39.0'),postman_token('0bcde8be-207e-4000-9fa7-b396e6169f11'),host(localhost),port(8000),connection('keep-alive'),content_length(2516)]).
completed(1, 0.015625, 20, 200, ok).
/*Sat Jun 15 20:54:04 2024*/ request(2, 1718506444.811, [peer(ip(127,0,0,1)),method(post),request_uri('/predict'),path('/predict'),http_version(1-1),content_type('application/json'),user_agent('PostmanRuntime/7.39.0'),postman_token('0fe0b2fa-720b-4976-a4e6-8f5fe363de94'),host(localhost),port(8000),connection('keep-alive'),content_length(79)]).
completed(2, 0.0, 602, 500, error("goal unexpectedly failed: user:handle_request_predict([protocol(http),peer(ip(127,0,0,1)),pool(client('httpd@8000',user:http_dispatch,<stream>(000002a1a8f0f4d0),<stream>(000002a1a8f0f2b0))),input(<stream>(000002a1a8f0f4d0)),method(post),request_uri('/predict'),path('/predict'),http_version(1-1),content_type('application/json'),user_agent('PostmanRuntime/7.39.0'),accept([media(_4800/_4802,[],1.0,[])]),postman_token('0fe0b2fa-720b-4976-a4e6-8f5fe363de94'),host(localhost),port(8000),accept_encoding('gzip, deflate, br'),connection('keep-alive'),content_length(79)])")).
/*Sat Jun 15 20:56:40 2024*/ request(3, 1718506600.977, [peer(ip(127,0,0,1)),method(post),request_uri('/compile'),path('/compile'),http_version(1-1),content_type('application/json'),user_agent('PostmanRuntime/7.39.0'),postman_token('678c1a31-4b8c-4d3f-abac-4579fc343202'),host(localhost),port(8000),connection('keep-alive'),content_length(1171)]).
completed(3, 0.0, 20, 200, ok).
/*Sat Jun 15 20:58:44 2024*/ request(4, 1718506724.924, [peer(ip(127,0,0,1)),method(post),request_uri('/predict'),path('/predict'),http_version(1-1),content_type('application/json'),user_agent('PostmanRuntime/7.39.0'),postman_token('77d824e9-81fa-4d3b-96c3-421423276272'),host(localhost),port(8000),connection('keep-alive'),content_length(79)]).
completed(4, 0.0, 127, 500, error("format/2: I/O error in write on stream <stream>(000002a1a8c66370) (CGI stream was discarded)")).
server(stopped, 1718506792).
server(started, 1718506858).
/*Sat Jun 15 21:00:58 2024*/ request(1, 1718506858.338, [peer(ip(127,0,0,1)),method(post),request_uri('/compile'),path('/compile'),http_version(1-1),content_type('application/json'),user_agent('PostmanRuntime/7.39.0'),postman_token('790d552e-9b60-4140-8f07-51d53a4fb8f4'),host(localhost),port(8000),connection('keep-alive'),content_length(1171)]).
completed(1, 0.015625, 20, 200, ok).
/*Sat Jun 15 21:01:09 2024*/ request(2, 1718506869.707, [peer(ip(127,0,0,1)),method(post),request_uri('/predict'),path('/predict'),http_version(1-1),content_type('application/json'),user_agent('PostmanRuntime/7.39.0'),postman_token('3a5c0089-3b8e-47c4-aa08-38e34e4802c0'),host(localhost),port(8000),connection('keep-alive'),content_length(79)]).
completed(2, 0.0, 17, 200, ok).
server(stopped, 1718506899).
server(started, 1718506946).
/*Sat Jun 15 21:02:25 2024*/ request(1, 1718506945.515, [peer(ip(127,0,0,1)),method(post),request_uri('/compile'),path('/compile'),http_version(1-1),content_type('application/json'),user_agent('PostmanRuntime/7.39.0'),postman_token('1e460eef-21b0-470d-9dfd-8fbc8e105c82'),host(localhost),port(8000),connection('keep-alive'),content_length(1171)]).
completed(1, 0.015625, 20, 200, ok).
/*Sat Jun 15 21:02:50 2024*/ request(2, 1718506970.535, [peer(ip(127,0,0,1)),method(post),request_uri('/predict'),path('/predict'),http_version(1-1),content_type('application/json'),user_agent('PostmanRuntime/7.39.0'),postman_token('f2954d0d-fc66-4ce2-b9ab-9fff06a9ebd1'),host(localhost),port(8000),connection('keep-alive'),content_length(79)]).
completed(2, 0.0, 17, 200, ok).
/*Sat Jun 15 21:02:55 2024*/ request(3, 1718506975.852, [peer(ip(127,0,0,1)),method(post),request_uri('/predict'),path('/predict'),http_version(1-1),content_type('application/json'),user_agent('PostmanRuntime/7.39.0'),postman_token('78a9abf3-7331-4750-a937-6608522e47d2'),host(localhost),port(8000),connection('keep-alive'),content_length(79)]).
completed(3, 0.0, 17, 200, ok).
/*Sat Jun 15 21:03:03 2024*/ request(4, 1718506983.455, [peer(ip(127,0,0,1)),method(post),request_uri('/predict'),path('/predict'),http_version(1-1),content_type('application/json'),user_agent('PostmanRuntime/7.39.0'),postman_token('a6c872eb-54a2-48b6-8473-d1014ab3d116'),host(localhost),port(8000),connection('keep-alive'),content_length(79)]).
completed(4, 0.0, 17, 200, ok).
/*Sat Jun 15 21:03:39 2024*/ request(5, 1718507019.615, [peer(ip(127,0,0,1)),method(post),request_uri('/compile'),path('/compile'),http_version(1-1),host(localhost),port(8000),user_agent('python-requests/2.31.0'),connection('keep-alive'),content_type('application/json'),content_length(1171)]).
completed(5, 0.0, 20, 200, ok).
/*Sat Jun 15 21:03:41 2024*/ request(6, 1718507021.639, [peer(ip(127,0,0,1)),method(post),request_uri('/predict'),path('/predict'),http_version(1-1),host(localhost),port(8000),user_agent('python-requests/2.31.0'),connection('keep-alive'),content_type('application/json'),content_length(56)]).
completed(6, 0.0, 17, 200, ok).
/*Sat Jun 15 21:50:20 2024*/ request(7, 1718509820.566, [peer(ip(127,0,0,1)),method(post),request_uri('/compile'),path('/compile'),http_version(1-1),host(localhost),port(8000),user_agent('python-requests/2.31.0'),connection('keep-alive'),content_type('application/json'),content_length(2515)]).
completed(7, 0.0, 20, 200, ok).
/*Sat Jun 15 21:50:22 2024*/ request(8, 1718509822.602, [peer(ip(127,0,0,1)),method(post),request_uri('/predict'),path('/predict'),http_version(1-1),host(localhost),port(8000),user_agent('python-requests/2.31.0'),connection('keep-alive'),content_type('application/json'),content_length(44)]).
completed(8, 0.0, 24, 200, ok).
/*Sat Jun 15 22:24:33 2024*/ request(9, 1718511873.197, [peer(ip(127,0,0,1)),method(post),request_uri('/compile'),path('/compile'),http_version(1-1),host(localhost),port(8000),user_agent('python-requests/2.31.0'),connection('keep-alive'),content_type('application/json'),content_length(1171)]).
completed(9, 0.0, 20, 200, ok).
/*Sat Jun 15 22:24:35 2024*/ request(10, 1718511875.249, [peer(ip(127,0,0,1)),method(post),request_uri('/predict'),path('/predict'),http_version(1-1),host(localhost),port(8000),user_agent('python-requests/2.31.0'),connection('keep-alive'),content_type('application/json'),content_length(56)]).
completed(10, 0.0, 17, 200, ok).
/*Sat Jun 15 22:33:21 2024*/ request(11, 1718512401.971, [peer(ip(127,0,0,1)),method(post),request_uri('/compile'),path('/compile'),http_version(1-1),host(localhost),port(8000),user_agent('python-requests/2.31.0'),connection('keep-alive'),content_type('application/json'),content_length(2133)]).
completed(11, 0.0, 20, 200, ok).
/*Sat Jun 15 22:33:24 2024*/ request(12, 1718512404.017, [peer(ip(127,0,0,1)),method(post),request_uri('/predict'),path('/predict'),http_version(1-1),host(localhost),port(8000),user_agent('python-requests/2.31.0'),connection('keep-alive'),content_type('application/json'),content_length(156)]).
completed(12, 0.0, 15, 200, ok).
